<?xml version="1.0" encoding="UTF-8"?>
<testng-results retried="1" ignored="1" total="25" passed="23" failed="0" skipped="0">
  <reporter-output>
  </reporter-output>
  <suite started-at="2025-03-19T21:28:40 IST" name="mytestsuite" finished-at="2025-03-19T21:35:43 IST" duration-ms="423887">
    <groups>
    </groups>
    <test started-at="2025-03-19T21:28:40 IST" name="testng" finished-at="2025-03-19T21:35:43 IST" duration-ms="423887">
      <class name="testscript.Managenewstest">
        <test-method is-config="true" signature="initializebrowser(java.lang.String)[pri:0, instance:testscript.Managenewstest@51c693d]" started-at="2025-03-19T21:33:57 IST" name="initializebrowser" finished-at="2025-03-19T21:34:08 IST" duration-ms="10590" status="PASS">
          <params>
            <param index="0">
              <value>
                <![CDATA[chrome]]>
              </value>
            </param>
          </params>
          <reporter-output>
          </reporter-output>
        </test-method> <!-- initializebrowser -->
        <test-method signature="verifyUserIsAbleToDeleteNewsinManageNews()[pri:0, instance:testscript.Managenewstest@51c693d]" started-at="2025-03-19T21:34:08 IST" name="verifyUserIsAbleToDeleteNewsinManageNews" finished-at="2025-03-19T21:34:56 IST" duration-ms="48250" status="PASS">
          <reporter-output>
          </reporter-output>
        </test-method> <!-- verifyUserIsAbleToDeleteNewsinManageNews -->
        <test-method is-config="true" signature="driverquit(org.testng.ITestResult)[pri:0, instance:testscript.Managenewstest@51c693d]" started-at="2025-03-19T21:34:56 IST" name="driverquit" finished-at="2025-03-19T21:34:57 IST" duration-ms="828" status="PASS">
          <params>
            <param index="0">
              <value>
                <![CDATA[[TestResult name=verifyUserIsAbleToDeleteNewsinManageNews status=SUCCESS method=Managenewstest.verifyUserIsAbleToDeleteNewsinManageNews()[pri:0, instance:testscript.Managenewstest@51c693d] output={null}]]]>
              </value>
            </param>
          </params>
          <reporter-output>
          </reporter-output>
        </test-method> <!-- driverquit -->
        <test-method is-config="true" signature="initializebrowser(java.lang.String)[pri:0, instance:testscript.Managenewstest@51c693d]" started-at="2025-03-19T21:34:57 IST" name="initializebrowser" finished-at="2025-03-19T21:35:08 IST" duration-ms="10842" status="PASS">
          <params>
            <param index="0">
              <value>
                <![CDATA[chrome]]>
              </value>
            </param>
          </params>
          <reporter-output>
          </reporter-output>
        </test-method> <!-- initializebrowser -->
        <test-method retried="true" signature="verifyUserIsAbleToSearchNewsUsingSearchButton(java.lang.String)[pri:0, instance:testscript.Managenewstest@51c693d]" started-at="2025-03-19T21:35:08 IST" name="verifyUserIsAbleToSearchNewsUsingSearchButton" data-provider="searchData" finished-at="2025-03-19T21:35:11 IST" duration-ms="2893" status="SKIP">
          <params>
            <param index="0">
              <value>
                <![CDATA[Manage news in admin users]]>
              </value>
            </param>
          </params>
          <exception class="org.openqa.selenium.StaleElementReferenceException">
            <message>
              <![CDATA[stale element reference: stale element not found
  (Session info: chrome=134.0.6998.89)
For documentation on this error, please visit: https://www.selenium.dev/documentation/webdriver/troubleshooting/errors#stale-element-reference-exception
Build info: version: '4.28.1', revision: '73f5ad48a2'
System info: os.name: 'Windows 11', os.arch: 'amd64', os.version: '10.0', java.version: '17.0.12'
Driver info: org.openqa.selenium.chrome.ChromeDriver
Command: [5572f1289d4125a7ce9b7839f7026017, getElementText {id=f.BF6F3025F0AAD1CF3699E6A155C9A693.d.E8494EFD595126CE0E6C04C78395DFDE.e.47}]
Capabilities {acceptInsecureCerts: false, browserName: chrome, browserVersion: 134.0.6998.89, chrome: {chromedriverVersion: 134.0.6998.88 (7e3d5c978c6d..., userDataDir: C:\Users\user\AppData\Local...}, fedcm:accounts: true, goog:chromeOptions: {debuggerAddress: localhost:56538}, networkConnectionEnabled: false, pageLoadStrategy: normal, platformName: windows, proxy: Proxy(), se:cdp: ws://localhost:56538/devtoo..., se:cdpVersion: 134.0.6998.89, setWindowRect: true, strictFileInteractability: false, timeouts: {implicit: 0, pageLoad: 300000, script: 30000}, unhandledPromptBehavior: dismiss and notify, webauthn:extension:credBlob: true, webauthn:extension:largeBlob: true, webauthn:extension:minPinLength: true, webauthn:extension:prf: true, webauthn:virtualAuthenticators: true}
Element: [[ChromeDriver: chrome on windows (5572f1289d4125a7ce9b7839f7026017)] -> xpath: //table[@class='table table-bordered table-hover table-sm']//tr//td[1]]
Session ID: 5572f1289d4125a7ce9b7839f7026017]]>
            </message>
            <full-stacktrace>
              <![CDATA[org.openqa.selenium.StaleElementReferenceException: stale element reference: stale element not found
  (Session info: chrome=134.0.6998.89)
For documentation on this error, please visit: https://www.selenium.dev/documentation/webdriver/troubleshooting/errors#stale-element-reference-exception
Build info: version: '4.28.1', revision: '73f5ad48a2'
System info: os.name: 'Windows 11', os.arch: 'amd64', os.version: '10.0', java.version: '17.0.12'
Driver info: org.openqa.selenium.chrome.ChromeDriver
Command: [5572f1289d4125a7ce9b7839f7026017, getElementText {id=f.BF6F3025F0AAD1CF3699E6A155C9A693.d.E8494EFD595126CE0E6C04C78395DFDE.e.47}]
Capabilities {acceptInsecureCerts: false, browserName: chrome, browserVersion: 134.0.6998.89, chrome: {chromedriverVersion: 134.0.6998.88 (7e3d5c978c6d..., userDataDir: C:\Users\user\AppData\Local...}, fedcm:accounts: true, goog:chromeOptions: {debuggerAddress: localhost:56538}, networkConnectionEnabled: false, pageLoadStrategy: normal, platformName: windows, proxy: Proxy(), se:cdp: ws://localhost:56538/devtoo..., se:cdpVersion: 134.0.6998.89, setWindowRect: true, strictFileInteractability: false, timeouts: {implicit: 0, pageLoad: 300000, script: 30000}, unhandledPromptBehavior: dismiss and notify, webauthn:extension:credBlob: true, webauthn:extension:largeBlob: true, webauthn:extension:minPinLength: true, webauthn:extension:prf: true, webauthn:virtualAuthenticators: true}
Element: [[ChromeDriver: chrome on windows (5572f1289d4125a7ce9b7839f7026017)] -> xpath: //table[@class='table table-bordered table-hover table-sm']//tr//td[1]]
Session ID: 5572f1289d4125a7ce9b7839f7026017
at java.base/jdk.internal.reflect.NativeConstructorAccessorImpl.newInstance0(Native Method)
at java.base/jdk.internal.reflect.NativeConstructorAccessorImpl.newInstance(NativeConstructorAccessorImpl.java:77)
at java.base/jdk.internal.reflect.DelegatingConstructorAccessorImpl.newInstance(DelegatingConstructorAccessorImpl.java:45)
at java.base/java.lang.reflect.Constructor.newInstanceWithCaller(Constructor.java:499)
at java.base/java.lang.reflect.Constructor.newInstance(Constructor.java:480)
at org.openqa.selenium.remote.ErrorCodec.decode(ErrorCodec.java:167)
at org.openqa.selenium.remote.codec.w3c.W3CHttpResponseCodec.decode(W3CHttpResponseCodec.java:138)
at org.openqa.selenium.remote.codec.w3c.W3CHttpResponseCodec.decode(W3CHttpResponseCodec.java:50)
at org.openqa.selenium.remote.HttpCommandExecutor.execute(HttpCommandExecutor.java:215)
at org.openqa.selenium.remote.service.DriverCommandExecutor.invokeExecute(DriverCommandExecutor.java:216)
at org.openqa.selenium.remote.service.DriverCommandExecutor.execute(DriverCommandExecutor.java:174)
at org.openqa.selenium.remote.RemoteWebDriver.execute(RemoteWebDriver.java:545)
at org.openqa.selenium.remote.RemoteWebElement.execute(RemoteWebElement.java:223)
at org.openqa.selenium.remote.RemoteWebElement.getText(RemoteWebElement.java:191)
at utilities.Pageutility.elementSearching(Pageutility.java:98)
at pages.Managenewspage.iselementpresentintable(Managenewspage.java:78)
at testscript.Managenewstest.verifyUserIsAbleToSearchNewsUsingSearchButton(Managenewstest.java:38)
at java.base/jdk.internal.reflect.NativeMethodAccessorImpl.invoke0(Native Method)
at java.base/jdk.internal.reflect.NativeMethodAccessorImpl.invoke(NativeMethodAccessorImpl.java:77)
at java.base/jdk.internal.reflect.DelegatingMethodAccessorImpl.invoke(DelegatingMethodAccessorImpl.java:43)
at java.base/java.lang.reflect.Method.invoke(Method.java:568)
at org.testng.internal.invokers.MethodInvocationHelper.invokeMethod(MethodInvocationHelper.java:141)
at org.testng.internal.invokers.TestInvoker.invokeMethod(TestInvoker.java:686)
at org.testng.internal.invokers.TestInvoker.invokeTestMethod(TestInvoker.java:230)
at org.testng.internal.invokers.MethodRunner.runInSequence(MethodRunner.java:63)
at org.testng.internal.invokers.TestInvoker$MethodInvocationAgent.invoke(TestInvoker.java:992)
at org.testng.internal.invokers.TestInvoker.invokeTestMethods(TestInvoker.java:203)
at org.testng.internal.invokers.TestMethodWorker.invokeTestMethods(TestMethodWorker.java:154)
at org.testng.internal.invokers.TestMethodWorker.run(TestMethodWorker.java:134)
at java.base/java.util.ArrayList.forEach(ArrayList.java:1511)
at org.testng.TestRunner.privateRun(TestRunner.java:739)
at org.testng.TestRunner.run(TestRunner.java:614)
at org.testng.SuiteRunner.runTest(SuiteRunner.java:421)
at org.testng.SuiteRunner.runSequentially(SuiteRunner.java:413)
at org.testng.SuiteRunner.privateRun(SuiteRunner.java:373)
at org.testng.SuiteRunner.run(SuiteRunner.java:312)
at org.testng.SuiteRunnerWorker.runSuite(SuiteRunnerWorker.java:52)
at org.testng.SuiteRunnerWorker.run(SuiteRunnerWorker.java:95)
at org.testng.TestNG.runSuitesSequentially(TestNG.java:1274)
at org.testng.TestNG.runSuitesLocally(TestNG.java:1208)
at org.testng.TestNG.runSuites(TestNG.java:1112)
at org.testng.TestNG.run(TestNG.java:1079)
at org.testng.remote.AbstractRemoteTestNG.run(AbstractRemoteTestNG.java:115)
at org.testng.remote.RemoteTestNG.initAndRun(RemoteTestNG.java:293)
at org.testng.remote.RemoteTestNG.main(RemoteTestNG.java:91)
]]>
            </full-stacktrace>
          </exception> <!-- org.openqa.selenium.StaleElementReferenceException -->
          <reporter-output>
          </reporter-output>
        </test-method> <!-- verifyUserIsAbleToSearchNewsUsingSearchButton -->
        <test-method is-config="true" signature="driverquit(org.testng.ITestResult)[pri:0, instance:testscript.Managenewstest@51c693d]" started-at="2025-03-19T21:35:11 IST" name="driverquit" finished-at="2025-03-19T21:35:12 IST" duration-ms="1393" status="PASS">
          <params>
            <param index="0">
              <value>
                <![CDATA[[TestResult name=verifyUserIsAbleToSearchNewsUsingSearchButton status=SKIP method=Managenewstest.verifyUserIsAbleToSearchNewsUsingSearchButton(java.lang.String)[pri:0, instance:testscript.Managenewstest@51c693d] output={null}]]]>
              </value>
            </param>
          </params>
          <reporter-output>
          </reporter-output>
        </test-method> <!-- driverquit -->
        <test-method is-config="true" signature="initializebrowser(java.lang.String)[pri:0, instance:testscript.Managenewstest@51c693d]" started-at="2025-03-19T21:35:12 IST" name="initializebrowser" finished-at="2025-03-19T21:35:23 IST" duration-ms="11479" status="PASS">
          <params>
            <param index="0">
              <value>
                <![CDATA[chrome]]>
              </value>
            </param>
          </params>
          <reporter-output>
          </reporter-output>
        </test-method> <!-- initializebrowser -->
        <test-method signature="verifyUserIsAbleToSearchNewsUsingSearchButton(java.lang.String)[pri:0, instance:testscript.Managenewstest@51c693d]" started-at="2025-03-19T21:35:23 IST" name="verifyUserIsAbleToSearchNewsUsingSearchButton" data-provider="searchData" finished-at="2025-03-19T21:35:26 IST" duration-ms="2546" status="PASS">
          <params>
            <param index="0">
              <value>
                <![CDATA[Manage news in admin users]]>
              </value>
            </param>
          </params>
          <reporter-output>
          </reporter-output>
        </test-method> <!-- verifyUserIsAbleToSearchNewsUsingSearchButton -->
        <test-method is-config="true" signature="driverquit(org.testng.ITestResult)[pri:0, instance:testscript.Managenewstest@51c693d]" started-at="2025-03-19T21:35:26 IST" name="driverquit" finished-at="2025-03-19T21:35:28 IST" duration-ms="2263" status="PASS">
          <params>
            <param index="0">
              <value>
                <![CDATA[[TestResult name=verifyUserIsAbleToSearchNewsUsingSearchButton status=SUCCESS method=Managenewstest.verifyUserIsAbleToSearchNewsUsingSearchButton(java.lang.String)[pri:0, instance:testscript.Managenewstest@51c693d] output={null}]]]>
              </value>
            </param>
          </params>
          <reporter-output>
          </reporter-output>
        </test-method> <!-- driverquit -->
        <test-method is-config="true" signature="initializebrowser(java.lang.String)[pri:0, instance:testscript.Managenewstest@51c693d]" started-at="2025-03-19T21:35:28 IST" name="initializebrowser" finished-at="2025-03-19T21:35:39 IST" duration-ms="10815" status="PASS">
          <params>
            <param index="0">
              <value>
                <![CDATA[chrome]]>
              </value>
            </param>
          </params>
          <reporter-output>
          </reporter-output>
        </test-method> <!-- initializebrowser -->
        <test-method signature="verifyUserIsAbleTocreateNewsInManageNews()[pri:0, instance:testscript.Managenewstest@51c693d]" started-at="2025-03-19T21:35:39 IST" name="verifyUserIsAbleTocreateNewsInManageNews" finished-at="2025-03-19T21:35:43 IST" duration-ms="3488" status="PASS">
          <reporter-output>
          </reporter-output>
        </test-method> <!-- verifyUserIsAbleTocreateNewsInManageNews -->
        <test-method is-config="true" signature="driverquit(org.testng.ITestResult)[pri:0, instance:testscript.Managenewstest@51c693d]" started-at="2025-03-19T21:35:43 IST" name="driverquit" finished-at="2025-03-19T21:35:43 IST" duration-ms="882" status="PASS">
          <params>
            <param index="0">
              <value>
                <![CDATA[[TestResult name=verifyUserIsAbleTocreateNewsInManageNews status=SUCCESS method=Managenewstest.verifyUserIsAbleTocreateNewsInManageNews()[pri:0, instance:testscript.Managenewstest@51c693d] output={null}]]]>
              </value>
            </param>
          </params>
          <reporter-output>
          </reporter-output>
        </test-method> <!-- driverquit -->
      </class> <!-- testscript.Managenewstest -->
      <class name="testscript.Managecontacttest">
        <test-method is-config="true" signature="initializebrowser(java.lang.String)[pri:0, instance:testscript.Managecontacttest@a82c5f1]" started-at="2025-03-19T21:32:22 IST" name="initializebrowser" finished-at="2025-03-19T21:32:33 IST" duration-ms="11282" status="PASS">
          <params>
            <param index="0">
              <value>
                <![CDATA[chrome]]>
              </value>
            </param>
          </params>
          <reporter-output>
          </reporter-output>
        </test-method> <!-- initializebrowser -->
        <test-method signature="verifyUserIsAbleToUpdateTheContactDetailsInManage()[pri:0, instance:testscript.Managecontacttest@a82c5f1]" started-at="2025-03-19T21:32:33 IST" name="verifyUserIsAbleToUpdateTheContactDetailsInManage" finished-at="2025-03-19T21:32:41 IST" duration-ms="8067" status="PASS">
          <reporter-output>
          </reporter-output>
        </test-method> <!-- verifyUserIsAbleToUpdateTheContactDetailsInManage -->
        <test-method is-config="true" signature="driverquit(org.testng.ITestResult)[pri:0, instance:testscript.Managecontacttest@a82c5f1]" started-at="2025-03-19T21:32:41 IST" name="driverquit" finished-at="2025-03-19T21:32:43 IST" duration-ms="1427" status="PASS">
          <params>
            <param index="0">
              <value>
                <![CDATA[[TestResult name=verifyUserIsAbleToUpdateTheContactDetailsInManage status=SUCCESS method=Managecontacttest.verifyUserIsAbleToUpdateTheContactDetailsInManage()[pri:0, instance:testscript.Managecontacttest@a82c5f1] output={null}]]]>
              </value>
            </param>
          </params>
          <reporter-output>
          </reporter-output>
        </test-method> <!-- driverquit -->
      </class> <!-- testscript.Managecontacttest -->
      <class name="testscript.Logintest">
        <test-method is-config="true" signature="initializebrowser(java.lang.String)[pri:0, instance:testscript.Logintest@5c86dbc5]" started-at="2025-03-19T21:31:03 IST" name="initializebrowser" finished-at="2025-03-19T21:31:13 IST" duration-ms="9404" status="PASS">
          <params>
            <param index="0">
              <value>
                <![CDATA[chrome]]>
              </value>
            </param>
          </params>
          <reporter-output>
          </reporter-output>
        </test-method> <!-- initializebrowser -->
        <test-method signature="verifyLoginwithInvalidUsernameAndValidpassword()[pri:0, instance:testscript.Logintest@5c86dbc5]" started-at="2025-03-19T21:31:13 IST" name="verifyLoginwithInvalidUsernameAndValidpassword" finished-at="2025-03-19T21:31:13 IST" duration-ms="552" status="PASS">
          <reporter-output>
          </reporter-output>
        </test-method> <!-- verifyLoginwithInvalidUsernameAndValidpassword -->
        <test-method is-config="true" signature="driverquit(org.testng.ITestResult)[pri:0, instance:testscript.Logintest@5c86dbc5]" started-at="2025-03-19T21:31:13 IST" name="driverquit" finished-at="2025-03-19T21:31:15 IST" duration-ms="1379" status="PASS">
          <params>
            <param index="0">
              <value>
                <![CDATA[[TestResult name=verifyLoginwithInvalidUsernameAndValidpassword status=SUCCESS method=Logintest.verifyLoginwithInvalidUsernameAndValidpassword()[pri:0, instance:testscript.Logintest@5c86dbc5] output={null}]]]>
              </value>
            </param>
          </params>
          <reporter-output>
          </reporter-output>
        </test-method> <!-- driverquit -->
        <test-method is-config="true" signature="initializebrowser(java.lang.String)[pri:0, instance:testscript.Logintest@5c86dbc5]" started-at="2025-03-19T21:31:15 IST" name="initializebrowser" finished-at="2025-03-19T21:31:24 IST" duration-ms="9203" status="PASS">
          <params>
            <param index="0">
              <value>
                <![CDATA[chrome]]>
              </value>
            </param>
          </params>
          <reporter-output>
          </reporter-output>
        </test-method> <!-- initializebrowser -->
        <test-method signature="verifyUserLoginWithInValidCredential(java.lang.String,java.lang.String)[pri:0, instance:testscript.Logintest@5c86dbc5]" started-at="2025-03-19T21:31:24 IST" name="verifyUserLoginWithInValidCredential" data-provider="data provider" finished-at="2025-03-19T21:31:24 IST" duration-ms="565" status="PASS">
          <params>
            <param index="0">
              <value>
                <![CDATA[ann]]>
              </value>
            </param>
            <param index="1">
              <value>
                <![CDATA[123]]>
              </value>
            </param>
          </params>
          <reporter-output>
          </reporter-output>
        </test-method> <!-- verifyUserLoginWithInValidCredential -->
        <test-method is-config="true" signature="driverquit(org.testng.ITestResult)[pri:0, instance:testscript.Logintest@5c86dbc5]" started-at="2025-03-19T21:31:25 IST" name="driverquit" finished-at="2025-03-19T21:31:26 IST" duration-ms="1071" status="PASS">
          <params>
            <param index="0">
              <value>
                <![CDATA[[TestResult name=verifyUserLoginWithInValidCredential status=SUCCESS method=Logintest.verifyUserLoginWithInValidCredential(java.lang.String,java.lang.String)[pri:0, instance:testscript.Logintest@5c86dbc5] output={null}]]]>
              </value>
            </param>
          </params>
          <reporter-output>
          </reporter-output>
        </test-method> <!-- driverquit -->
        <test-method is-config="true" signature="initializebrowser(java.lang.String)[pri:0, instance:testscript.Logintest@5c86dbc5]" started-at="2025-03-19T21:31:26 IST" name="initializebrowser" finished-at="2025-03-19T21:31:34 IST" duration-ms="8801" status="PASS">
          <params>
            <param index="0">
              <value>
                <![CDATA[chrome]]>
              </value>
            </param>
          </params>
          <reporter-output>
          </reporter-output>
        </test-method> <!-- initializebrowser -->
        <test-method signature="verifyUserLoginWithInValidCredential(java.lang.String,java.lang.String)[pri:0, instance:testscript.Logintest@5c86dbc5]" started-at="2025-03-19T21:31:34 IST" name="verifyUserLoginWithInValidCredential" data-provider="data provider" finished-at="2025-03-19T21:31:35 IST" duration-ms="514" status="PASS">
          <params>
            <param index="0">
              <value>
                <![CDATA[annwin]]>
              </value>
            </param>
            <param index="1">
              <value>
                <![CDATA[456]]>
              </value>
            </param>
          </params>
          <reporter-output>
          </reporter-output>
        </test-method> <!-- verifyUserLoginWithInValidCredential -->
        <test-method is-config="true" signature="driverquit(org.testng.ITestResult)[pri:0, instance:testscript.Logintest@5c86dbc5]" started-at="2025-03-19T21:31:35 IST" name="driverquit" finished-at="2025-03-19T21:31:36 IST" duration-ms="1035" status="PASS">
          <params>
            <param index="0">
              <value>
                <![CDATA[[TestResult name=verifyUserLoginWithInValidCredential status=SUCCESS method=Logintest.verifyUserLoginWithInValidCredential(java.lang.String,java.lang.String)[pri:0, instance:testscript.Logintest@5c86dbc5] output={null}]]]>
              </value>
            </param>
          </params>
          <reporter-output>
          </reporter-output>
        </test-method> <!-- driverquit -->
        <test-method is-config="true" signature="initializebrowser(java.lang.String)[pri:0, instance:testscript.Logintest@5c86dbc5]" started-at="2025-03-19T21:31:36 IST" name="initializebrowser" finished-at="2025-03-19T21:31:46 IST" duration-ms="9640" status="PASS">
          <params>
            <param index="0">
              <value>
                <![CDATA[chrome]]>
              </value>
            </param>
          </params>
          <reporter-output>
          </reporter-output>
        </test-method> <!-- initializebrowser -->
        <test-method signature="verifyUserLoginWithInValidCredential(java.lang.String,java.lang.String)[pri:0, instance:testscript.Logintest@5c86dbc5]" started-at="2025-03-19T21:31:46 IST" name="verifyUserLoginWithInValidCredential" data-provider="data provider" finished-at="2025-03-19T21:31:46 IST" duration-ms="844" status="PASS">
          <params>
            <param index="0">
              <value>
                <![CDATA[jiji]]>
              </value>
            </param>
            <param index="1">
              <value>
                <![CDATA[789]]>
              </value>
            </param>
          </params>
          <reporter-output>
          </reporter-output>
        </test-method> <!-- verifyUserLoginWithInValidCredential -->
        <test-method is-config="true" signature="driverquit(org.testng.ITestResult)[pri:0, instance:testscript.Logintest@5c86dbc5]" started-at="2025-03-19T21:31:46 IST" name="driverquit" finished-at="2025-03-19T21:31:47 IST" duration-ms="1000" status="PASS">
          <params>
            <param index="0">
              <value>
                <![CDATA[[TestResult name=verifyUserLoginWithInValidCredential status=SUCCESS method=Logintest.verifyUserLoginWithInValidCredential(java.lang.String,java.lang.String)[pri:0, instance:testscript.Logintest@5c86dbc5] output={null}]]]>
              </value>
            </param>
          </params>
          <reporter-output>
          </reporter-output>
        </test-method> <!-- driverquit -->
        <test-method is-config="true" signature="initializebrowser(java.lang.String)[pri:0, instance:testscript.Logintest@5c86dbc5]" started-at="2025-03-19T21:31:47 IST" name="initializebrowser" finished-at="2025-03-19T21:31:57 IST" duration-ms="9307" status="PASS">
          <params>
            <param index="0">
              <value>
                <![CDATA[chrome]]>
              </value>
            </param>
          </params>
          <reporter-output>
          </reporter-output>
        </test-method> <!-- initializebrowser -->
        <test-method signature="verifyUserLoginWithInValidCredential(java.lang.String,java.lang.String)[pri:0, instance:testscript.Logintest@5c86dbc5]" started-at="2025-03-19T21:31:57 IST" name="verifyUserLoginWithInValidCredential" data-provider="data provider" finished-at="2025-03-19T21:31:57 IST" duration-ms="563" status="PASS">
          <params>
            <param index="0">
              <value>
                <![CDATA[amil]]>
              </value>
            </param>
            <param index="1">
              <value>
                <![CDATA[987]]>
              </value>
            </param>
          </params>
          <reporter-output>
          </reporter-output>
        </test-method> <!-- verifyUserLoginWithInValidCredential -->
        <test-method is-config="true" signature="driverquit(org.testng.ITestResult)[pri:0, instance:testscript.Logintest@5c86dbc5]" started-at="2025-03-19T21:31:57 IST" name="driverquit" finished-at="2025-03-19T21:32:02 IST" duration-ms="4860" status="PASS">
          <params>
            <param index="0">
              <value>
                <![CDATA[[TestResult name=verifyUserLoginWithInValidCredential status=SUCCESS method=Logintest.verifyUserLoginWithInValidCredential(java.lang.String,java.lang.String)[pri:0, instance:testscript.Logintest@5c86dbc5] output={null}]]]>
              </value>
            </param>
          </params>
          <reporter-output>
          </reporter-output>
        </test-method> <!-- driverquit -->
        <test-method is-config="true" signature="initializebrowser(java.lang.String)[pri:0, instance:testscript.Logintest@5c86dbc5]" started-at="2025-03-19T21:32:02 IST" name="initializebrowser" finished-at="2025-03-19T21:32:09 IST" duration-ms="7019" status="PASS">
          <params>
            <param index="0">
              <value>
                <![CDATA[chrome]]>
              </value>
            </param>
          </params>
          <reporter-output>
          </reporter-output>
        </test-method> <!-- initializebrowser -->
        <test-method signature="verifyUserLoginWithValidCredential()[pri:0, instance:testscript.Logintest@5c86dbc5]" started-at="2025-03-19T21:32:09 IST" name="verifyUserLoginWithValidCredential" finished-at="2025-03-19T21:32:10 IST" duration-ms="1152" status="PASS">
          <reporter-output>
          </reporter-output>
        </test-method> <!-- verifyUserLoginWithValidCredential -->
        <test-method is-config="true" signature="driverquit(org.testng.ITestResult)[pri:0, instance:testscript.Logintest@5c86dbc5]" started-at="2025-03-19T21:32:10 IST" name="driverquit" finished-at="2025-03-19T21:32:11 IST" duration-ms="975" status="PASS">
          <params>
            <param index="0">
              <value>
                <![CDATA[[TestResult name=verifyUserLoginWithValidCredential status=SUCCESS method=Logintest.verifyUserLoginWithValidCredential()[pri:0, instance:testscript.Logintest@5c86dbc5] output={null}]]]>
              </value>
            </param>
          </params>
          <reporter-output>
          </reporter-output>
        </test-method> <!-- driverquit -->
        <test-method is-config="true" signature="initializebrowser(java.lang.String)[pri:0, instance:testscript.Logintest@5c86dbc5]" started-at="2025-03-19T21:32:11 IST" name="initializebrowser" finished-at="2025-03-19T21:32:21 IST" duration-ms="9658" status="PASS">
          <params>
            <param index="0">
              <value>
                <![CDATA[chrome]]>
              </value>
            </param>
          </params>
          <reporter-output>
          </reporter-output>
        </test-method> <!-- initializebrowser -->
        <test-method signature="verifyUserLoginWithValidUseranameAndInvalidPassword()[pri:0, instance:testscript.Logintest@5c86dbc5]" started-at="2025-03-19T21:32:21 IST" name="verifyUserLoginWithValidUseranameAndInvalidPassword" finished-at="2025-03-19T21:32:22 IST" duration-ms="538" status="PASS">
          <reporter-output>
          </reporter-output>
        </test-method> <!-- verifyUserLoginWithValidUseranameAndInvalidPassword -->
        <test-method is-config="true" signature="driverquit(org.testng.ITestResult)[pri:0, instance:testscript.Logintest@5c86dbc5]" started-at="2025-03-19T21:32:22 IST" name="driverquit" finished-at="2025-03-19T21:32:22 IST" duration-ms="611" status="PASS">
          <params>
            <param index="0">
              <value>
                <![CDATA[[TestResult name=verifyUserLoginWithValidUseranameAndInvalidPassword status=SUCCESS method=Logintest.verifyUserLoginWithValidUseranameAndInvalidPassword()[pri:0, instance:testscript.Logintest@5c86dbc5] output={null}]]]>
              </value>
            </param>
          </params>
          <reporter-output>
          </reporter-output>
        </test-method> <!-- driverquit -->
      </class> <!-- testscript.Logintest -->
      <class name="testscript.Subcategorytest">
        <test-method is-config="true" signature="initializebrowser(java.lang.String)[pri:0, instance:testscript.Subcategorytest@7b7fdc8]" started-at="2025-03-19T21:32:43 IST" name="initializebrowser" finished-at="2025-03-19T21:32:55 IST" duration-ms="12579" status="PASS">
          <params>
            <param index="0">
              <value>
                <![CDATA[chrome]]>
              </value>
            </param>
          </params>
          <reporter-output>
          </reporter-output>
        </test-method> <!-- initializebrowser -->
        <test-method signature="verifyUserIsAbleToDeleteButtonInSubcategoryTable()[pri:0, instance:testscript.Subcategorytest@7b7fdc8]" started-at="2025-03-19T21:32:55 IST" name="verifyUserIsAbleToDeleteButtonInSubcategoryTable" finished-at="2025-03-19T21:32:59 IST" duration-ms="3752" status="PASS">
          <reporter-output>
          </reporter-output>
        </test-method> <!-- verifyUserIsAbleToDeleteButtonInSubcategoryTable -->
        <test-method is-config="true" signature="driverquit(org.testng.ITestResult)[pri:0, instance:testscript.Subcategorytest@7b7fdc8]" started-at="2025-03-19T21:32:59 IST" name="driverquit" finished-at="2025-03-19T21:33:00 IST" duration-ms="975" status="PASS">
          <params>
            <param index="0">
              <value>
                <![CDATA[[TestResult name=verifyUserIsAbleToDeleteButtonInSubcategoryTable status=SUCCESS method=Subcategorytest.verifyUserIsAbleToDeleteButtonInSubcategoryTable()[pri:0, instance:testscript.Subcategorytest@7b7fdc8] output={null}]]]>
              </value>
            </param>
          </params>
          <reporter-output>
          </reporter-output>
        </test-method> <!-- driverquit -->
        <test-method is-config="true" signature="initializebrowser(java.lang.String)[pri:0, instance:testscript.Subcategorytest@7b7fdc8]" started-at="2025-03-19T21:33:00 IST" name="initializebrowser" finished-at="2025-03-19T21:33:11 IST" duration-ms="10628" status="PASS">
          <params>
            <param index="0">
              <value>
                <![CDATA[chrome]]>
              </value>
            </param>
          </params>
          <reporter-output>
          </reporter-output>
        </test-method> <!-- initializebrowser -->
        <test-method signature="verifyUserIsAbleToUpdateTheSubcategoryDetails()[pri:0, instance:testscript.Subcategorytest@7b7fdc8]" started-at="2025-03-19T21:33:11 IST" name="verifyUserIsAbleToUpdateTheSubcategoryDetails" finished-at="2025-03-19T21:33:15 IST" duration-ms="4149" status="PASS">
          <reporter-output>
          </reporter-output>
        </test-method> <!-- verifyUserIsAbleToUpdateTheSubcategoryDetails -->
        <test-method is-config="true" signature="driverquit(org.testng.ITestResult)[pri:0, instance:testscript.Subcategorytest@7b7fdc8]" started-at="2025-03-19T21:33:15 IST" name="driverquit" finished-at="2025-03-19T21:33:17 IST" duration-ms="2171" status="PASS">
          <params>
            <param index="0">
              <value>
                <![CDATA[[TestResult name=verifyUserIsAbleToUpdateTheSubcategoryDetails status=SUCCESS method=Subcategorytest.verifyUserIsAbleToUpdateTheSubcategoryDetails()[pri:0, instance:testscript.Subcategorytest@7b7fdc8] output={null}]]]>
              </value>
            </param>
          </params>
          <reporter-output>
          </reporter-output>
        </test-method> <!-- driverquit -->
        <test-method is-config="true" signature="initializebrowser(java.lang.String)[pri:0, instance:testscript.Subcategorytest@7b7fdc8]" started-at="2025-03-19T21:33:17 IST" name="initializebrowser" finished-at="2025-03-19T21:33:28 IST" duration-ms="11097" status="PASS">
          <params>
            <param index="0">
              <value>
                <![CDATA[chrome]]>
              </value>
            </param>
          </params>
          <reporter-output>
          </reporter-output>
        </test-method> <!-- initializebrowser -->
        <test-method signature="verifyUserIsAbleTocreateSubcategoryWithValidDetails()[pri:0, instance:testscript.Subcategorytest@7b7fdc8]" started-at="2025-03-19T21:33:28 IST" name="verifyUserIsAbleTocreateSubcategoryWithValidDetails" finished-at="2025-03-19T21:33:36 IST" duration-ms="7435" status="PASS">
          <reporter-output>
          </reporter-output>
        </test-method> <!-- verifyUserIsAbleTocreateSubcategoryWithValidDetails -->
        <test-method is-config="true" signature="driverquit(org.testng.ITestResult)[pri:0, instance:testscript.Subcategorytest@7b7fdc8]" started-at="2025-03-19T21:33:36 IST" name="driverquit" finished-at="2025-03-19T21:33:38 IST" duration-ms="2264" status="PASS">
          <params>
            <param index="0">
              <value>
                <![CDATA[[TestResult name=verifyUserIsAbleTocreateSubcategoryWithValidDetails status=SUCCESS method=Subcategorytest.verifyUserIsAbleTocreateSubcategoryWithValidDetails()[pri:0, instance:testscript.Subcategorytest@7b7fdc8] output={null}]]]>
              </value>
            </param>
          </params>
          <reporter-output>
          </reporter-output>
        </test-method> <!-- driverquit -->
        <test-method is-config="true" signature="initializebrowser(java.lang.String)[pri:0, instance:testscript.Subcategorytest@7b7fdc8]" started-at="2025-03-19T21:33:38 IST" name="initializebrowser" finished-at="2025-03-19T21:33:50 IST" duration-ms="11935" status="PASS">
          <params>
            <param index="0">
              <value>
                <![CDATA[chrome]]>
              </value>
            </param>
          </params>
          <reporter-output>
          </reporter-output>
        </test-method> <!-- initializebrowser -->
        <test-method signature="verifyUserIsAbleTosearchTheCreatedSubcategoryInSearchbar()[pri:0, instance:testscript.Subcategorytest@7b7fdc8]" started-at="2025-03-19T21:33:50 IST" name="verifyUserIsAbleTosearchTheCreatedSubcategoryInSearchbar" finished-at="2025-03-19T21:33:56 IST" duration-ms="6275" status="PASS">
          <reporter-output>
          </reporter-output>
        </test-method> <!-- verifyUserIsAbleTosearchTheCreatedSubcategoryInSearchbar -->
        <test-method is-config="true" signature="driverquit(org.testng.ITestResult)[pri:0, instance:testscript.Subcategorytest@7b7fdc8]" started-at="2025-03-19T21:33:56 IST" name="driverquit" finished-at="2025-03-19T21:33:57 IST" duration-ms="953" status="PASS">
          <params>
            <param index="0">
              <value>
                <![CDATA[[TestResult name=verifyUserIsAbleTosearchTheCreatedSubcategoryInSearchbar status=SUCCESS method=Subcategorytest.verifyUserIsAbleTosearchTheCreatedSubcategoryInSearchbar()[pri:0, instance:testscript.Subcategorytest@7b7fdc8] output={null}]]]>
              </value>
            </param>
          </params>
          <reporter-output>
          </reporter-output>
        </test-method> <!-- driverquit -->
      </class> <!-- testscript.Subcategorytest -->
      <class name="testscript.Adminusertest">
        <test-method is-config="true" signature="initializebrowser(java.lang.String)[pri:0, instance:testscript.Adminusertest@1df8da7a]" started-at="2025-03-19T21:28:40 IST" name="initializebrowser" finished-at="2025-03-19T21:29:12 IST" duration-ms="32258" status="PASS">
          <params>
            <param index="0">
              <value>
                <![CDATA[chrome]]>
              </value>
            </param>
          </params>
          <reporter-output>
          </reporter-output>
        </test-method> <!-- initializebrowser -->
        <test-method signature="verifyUserIsAbleToDeleteTheAdminUser()[pri:0, instance:testscript.Adminusertest@1df8da7a]" started-at="2025-03-19T21:29:12 IST" name="verifyUserIsAbleToDeleteTheAdminUser" finished-at="2025-03-19T21:29:15 IST" duration-ms="3568" status="PASS">
          <reporter-output>
          </reporter-output>
        </test-method> <!-- verifyUserIsAbleToDeleteTheAdminUser -->
        <test-method is-config="true" signature="driverquit(org.testng.ITestResult)[pri:0, instance:testscript.Adminusertest@1df8da7a]" started-at="2025-03-19T21:29:15 IST" name="driverquit" finished-at="2025-03-19T21:29:16 IST" duration-ms="894" status="PASS">
          <params>
            <param index="0">
              <value>
                <![CDATA[[TestResult name=verifyUserIsAbleToDeleteTheAdminUser status=SUCCESS method=Adminusertest.verifyUserIsAbleToDeleteTheAdminUser()[pri:0, instance:testscript.Adminusertest@1df8da7a] output={null}]]]>
              </value>
            </param>
          </params>
          <reporter-output>
          </reporter-output>
        </test-method> <!-- driverquit -->
        <test-method is-config="true" signature="initializebrowser(java.lang.String)[pri:0, instance:testscript.Adminusertest@1df8da7a]" started-at="2025-03-19T21:29:16 IST" name="initializebrowser" finished-at="2025-03-19T21:29:27 IST" duration-ms="10612" status="PASS">
          <params>
            <param index="0">
              <value>
                <![CDATA[chrome]]>
              </value>
            </param>
          </params>
          <reporter-output>
          </reporter-output>
        </test-method> <!-- initializebrowser -->
        <test-method signature="verifyUserIsAbleToUpdateTheAdminUser()[pri:0, instance:testscript.Adminusertest@1df8da7a]" started-at="2025-03-19T21:29:27 IST" name="verifyUserIsAbleToUpdateTheAdminUser" finished-at="2025-03-19T21:29:29 IST" duration-ms="2289" status="PASS">
          <reporter-output>
          </reporter-output>
        </test-method> <!-- verifyUserIsAbleToUpdateTheAdminUser -->
        <test-method is-config="true" signature="driverquit(org.testng.ITestResult)[pri:0, instance:testscript.Adminusertest@1df8da7a]" started-at="2025-03-19T21:29:29 IST" name="driverquit" finished-at="2025-03-19T21:29:30 IST" duration-ms="925" status="PASS">
          <params>
            <param index="0">
              <value>
                <![CDATA[[TestResult name=verifyUserIsAbleToUpdateTheAdminUser status=SUCCESS method=Adminusertest.verifyUserIsAbleToUpdateTheAdminUser()[pri:0, instance:testscript.Adminusertest@1df8da7a] output={null}]]]>
              </value>
            </param>
          </params>
          <reporter-output>
          </reporter-output>
        </test-method> <!-- driverquit -->
        <test-method is-config="true" signature="initializebrowser(java.lang.String)[pri:0, instance:testscript.Adminusertest@1df8da7a]" started-at="2025-03-19T21:29:30 IST" name="initializebrowser" finished-at="2025-03-19T21:29:41 IST" duration-ms="10408" status="PASS">
          <params>
            <param index="0">
              <value>
                <![CDATA[chrome]]>
              </value>
            </param>
          </params>
          <reporter-output>
          </reporter-output>
        </test-method> <!-- initializebrowser -->
        <test-method signature="verifyUserIsAbleTocreateNewAdminUser()[pri:0, instance:testscript.Adminusertest@1df8da7a]" started-at="2025-03-19T21:29:41 IST" name="verifyUserIsAbleTocreateNewAdminUser" finished-at="2025-03-19T21:29:44 IST" duration-ms="3195" status="PASS">
          <reporter-output>
          </reporter-output>
        </test-method> <!-- verifyUserIsAbleTocreateNewAdminUser -->
        <test-method is-config="true" signature="driverquit(org.testng.ITestResult)[pri:0, instance:testscript.Adminusertest@1df8da7a]" started-at="2025-03-19T21:29:44 IST" name="driverquit" finished-at="2025-03-19T21:29:45 IST" duration-ms="1689" status="PASS">
          <params>
            <param index="0">
              <value>
                <![CDATA[[TestResult name=verifyUserIsAbleTocreateNewAdminUser status=SUCCESS method=Adminusertest.verifyUserIsAbleTocreateNewAdminUser()[pri:0, instance:testscript.Adminusertest@1df8da7a] output={null}]]]>
              </value>
            </param>
          </params>
          <reporter-output>
          </reporter-output>
        </test-method> <!-- driverquit -->
        <test-method is-config="true" signature="initializebrowser(java.lang.String)[pri:0, instance:testscript.Adminusertest@1df8da7a]" started-at="2025-03-19T21:29:45 IST" name="initializebrowser" finished-at="2025-03-19T21:29:56 IST" duration-ms="10278" status="PASS">
          <params>
            <param index="0">
              <value>
                <![CDATA[chrome]]>
              </value>
            </param>
          </params>
          <reporter-output>
          </reporter-output>
        </test-method> <!-- initializebrowser -->
        <test-method signature="verifyUserIsAbleTosearchAdminUser()[pri:0, instance:testscript.Adminusertest@1df8da7a]" started-at="2025-03-19T21:29:56 IST" name="verifyUserIsAbleTosearchAdminUser" finished-at="2025-03-19T21:29:58 IST" duration-ms="2283" status="PASS">
          <reporter-output>
          </reporter-output>
        </test-method> <!-- verifyUserIsAbleTosearchAdminUser -->
        <test-method is-config="true" signature="driverquit(org.testng.ITestResult)[pri:0, instance:testscript.Adminusertest@1df8da7a]" started-at="2025-03-19T21:29:58 IST" name="driverquit" finished-at="2025-03-19T21:30:01 IST" duration-ms="2444" status="PASS">
          <params>
            <param index="0">
              <value>
                <![CDATA[[TestResult name=verifyUserIsAbleTosearchAdminUser status=SUCCESS method=Adminusertest.verifyUserIsAbleTosearchAdminUser()[pri:0, instance:testscript.Adminusertest@1df8da7a] output={null}]]]>
              </value>
            </param>
          </params>
          <reporter-output>
          </reporter-output>
        </test-method> <!-- driverquit -->
      </class> <!-- testscript.Adminusertest -->
      <class name="testscript.Categorytest">
        <test-method is-config="true" signature="initializebrowser(java.lang.String)[pri:0, instance:testscript.Categorytest@10289886]" started-at="2025-03-19T21:30:01 IST" name="initializebrowser" finished-at="2025-03-19T21:30:09 IST" duration-ms="8895" status="PASS">
          <params>
            <param index="0">
              <value>
                <![CDATA[chrome]]>
              </value>
            </param>
          </params>
          <reporter-output>
          </reporter-output>
        </test-method> <!-- initializebrowser -->
        <test-method signature="verifyUserIsAbleTocreateNewCategory()[pri:0, instance:testscript.Categorytest@10289886]" started-at="2025-03-19T21:30:09 IST" name="verifyUserIsAbleTocreateNewCategory" finished-at="2025-03-19T21:30:15 IST" duration-ms="5625" status="PASS">
          <reporter-output>
          </reporter-output>
        </test-method> <!-- verifyUserIsAbleTocreateNewCategory -->
        <test-method is-config="true" signature="driverquit(org.testng.ITestResult)[pri:0, instance:testscript.Categorytest@10289886]" started-at="2025-03-19T21:30:15 IST" name="driverquit" finished-at="2025-03-19T21:30:18 IST" duration-ms="2523" status="PASS">
          <params>
            <param index="0">
              <value>
                <![CDATA[[TestResult name=verifyUserIsAbleTocreateNewCategory status=SUCCESS method=Categorytest.verifyUserIsAbleTocreateNewCategory()[pri:0, instance:testscript.Categorytest@10289886] output={null}]]]>
              </value>
            </param>
          </params>
          <reporter-output>
          </reporter-output>
        </test-method> <!-- driverquit -->
        <test-method is-config="true" signature="initializebrowser(java.lang.String)[pri:0, instance:testscript.Categorytest@10289886]" started-at="2025-03-19T21:30:18 IST" name="initializebrowser" finished-at="2025-03-19T21:30:30 IST" duration-ms="12307" status="PASS">
          <params>
            <param index="0">
              <value>
                <![CDATA[chrome]]>
              </value>
            </param>
          </params>
          <reporter-output>
          </reporter-output>
        </test-method> <!-- initializebrowser -->
        <test-method signature="verifyUserIsAbleTodeleteTheCategoryField()[pri:0, instance:testscript.Categorytest@10289886]" started-at="2025-03-19T21:30:30 IST" name="verifyUserIsAbleTodeleteTheCategoryField" finished-at="2025-03-19T21:30:33 IST" duration-ms="2718" status="PASS">
          <reporter-output>
          </reporter-output>
        </test-method> <!-- verifyUserIsAbleTodeleteTheCategoryField -->
        <test-method is-config="true" signature="driverquit(org.testng.ITestResult)[pri:0, instance:testscript.Categorytest@10289886]" started-at="2025-03-19T21:30:33 IST" name="driverquit" finished-at="2025-03-19T21:30:34 IST" duration-ms="934" status="PASS">
          <params>
            <param index="0">
              <value>
                <![CDATA[[TestResult name=verifyUserIsAbleTodeleteTheCategoryField status=SUCCESS method=Categorytest.verifyUserIsAbleTodeleteTheCategoryField()[pri:0, instance:testscript.Categorytest@10289886] output={null}]]]>
              </value>
            </param>
          </params>
          <reporter-output>
          </reporter-output>
        </test-method> <!-- driverquit -->
        <test-method is-config="true" signature="initializebrowser(java.lang.String)[pri:0, instance:testscript.Categorytest@10289886]" started-at="2025-03-19T21:30:34 IST" name="initializebrowser" finished-at="2025-03-19T21:30:44 IST" duration-ms="10003" status="PASS">
          <params>
            <param index="0">
              <value>
                <![CDATA[chrome]]>
              </value>
            </param>
          </params>
          <reporter-output>
          </reporter-output>
        </test-method> <!-- initializebrowser -->
        <test-method signature="verifyUserIsAbleTosearchCategory()[pri:0, instance:testscript.Categorytest@10289886]" started-at="2025-03-19T21:30:44 IST" name="verifyUserIsAbleTosearchCategory" finished-at="2025-03-19T21:30:48 IST" duration-ms="4031" status="PASS">
          <reporter-output>
          </reporter-output>
        </test-method> <!-- verifyUserIsAbleTosearchCategory -->
        <test-method is-config="true" signature="driverquit(org.testng.ITestResult)[pri:0, instance:testscript.Categorytest@10289886]" started-at="2025-03-19T21:30:48 IST" name="driverquit" finished-at="2025-03-19T21:30:48 IST" duration-ms="868" status="PASS">
          <params>
            <param index="0">
              <value>
                <![CDATA[[TestResult name=verifyUserIsAbleTosearchCategory status=SUCCESS method=Categorytest.verifyUserIsAbleTosearchCategory()[pri:0, instance:testscript.Categorytest@10289886] output={null}]]]>
              </value>
            </param>
          </params>
          <reporter-output>
          </reporter-output>
        </test-method> <!-- driverquit -->
        <test-method is-config="true" signature="initializebrowser(java.lang.String)[pri:0, instance:testscript.Categorytest@10289886]" started-at="2025-03-19T21:30:48 IST" name="initializebrowser" finished-at="2025-03-19T21:30:58 IST" duration-ms="9609" status="PASS">
          <params>
            <param index="0">
              <value>
                <![CDATA[chrome]]>
              </value>
            </param>
          </params>
          <reporter-output>
          </reporter-output>
        </test-method> <!-- initializebrowser -->
        <test-method signature="verifyUserIsAbleToupdateTheCategoryField()[pri:0, instance:testscript.Categorytest@10289886]" started-at="2025-03-19T21:30:58 IST" name="verifyUserIsAbleToupdateTheCategoryField" finished-at="2025-03-19T21:31:02 IST" duration-ms="4394" status="PASS">
          <reporter-output>
          </reporter-output>
        </test-method> <!-- verifyUserIsAbleToupdateTheCategoryField -->
        <test-method is-config="true" signature="driverquit(org.testng.ITestResult)[pri:0, instance:testscript.Categorytest@10289886]" started-at="2025-03-19T21:31:02 IST" name="driverquit" finished-at="2025-03-19T21:31:03 IST" duration-ms="934" status="PASS">
          <params>
            <param index="0">
              <value>
                <![CDATA[[TestResult name=verifyUserIsAbleToupdateTheCategoryField status=SUCCESS method=Categorytest.verifyUserIsAbleToupdateTheCategoryField()[pri:0, instance:testscript.Categorytest@10289886] output={null}]]]>
              </value>
            </param>
          </params>
          <reporter-output>
          </reporter-output>
        </test-method> <!-- driverquit -->
      </class> <!-- testscript.Categorytest -->
    </test> <!-- testng -->
  </suite> <!-- mytestsuite -->
</testng-results>
