<?xml version="1.0" encoding="UTF-8"?>
<!-- Generated by org.testng.reporters.JUnitXMLReporter -->
<testsuite ignored="3" hostname="DESKTOP-QMFSNLK" failures="0" tests="1" name="chrometest" time="14.427" errors="0" timestamp="2025-03-06T11:13:12 IST">
  <testcase classname="testscript.Logintest" name="verifyUserLoginWithValidCredential" time="2.609"/>
  <testcase classname="testscript.Logintest" name="verifyUserLoginWithValidUseranameAndInvalidPassword" time="0.0">
    <ignored/>
  </testcase> <!-- verifyUserLoginWithValidUseranameAndInvalidPassword -->
  <testcase classname="testscript.Logintest" name="verifyUserLoginWithInValidCredential" time="0.0">
    <ignored/>
  </testcase> <!-- verifyUserLoginWithInValidCredential -->
  <testcase classname="testscript.Logintest" name="verifyLoginwithInvalidUsernameAndValidpassword" time="0.0">
    <ignored/>
  </testcase> <!-- verifyLoginwithInvalidUsernameAndValidpassword -->
</testsuite> <!-- chrometest -->
