<?xml version="1.0" encoding="UTF-8"?>
<!-- Generated by org.testng.reporters.JUnitXMLReporter -->
<testsuite ignored="3" hostname="DESKTOP-QMFSNLK" failures="0" tests="1" name="test2" time="13.903" errors="0" timestamp="2025-03-06T11:13:26 IST">
  <testcase classname="testscript.Logintest" name="verifyUserLoginWithValidCredential" time="1.624"/>
  <testcase classname="testscript.Logintest" name="verifyUserLoginWithValidUseranameAndInvalidPassword" time="0.0">
    <ignored/>
  </testcase> <!-- verifyUserLoginWithValidUseranameAndInvalidPassword -->
  <testcase classname="testscript.Logintest" name="verifyLoginwithInvalidUsernameAndValidpassword" time="0.0">
    <ignored/>
  </testcase> <!-- verifyLoginwithInvalidUsernameAndValidpassword -->
  <testcase classname="testscript.Logintest" name="verifyUserLoginWithInValidCredential" time="0.0">
    <ignored/>
  </testcase> <!-- verifyUserLoginWithInValidCredential -->
</testsuite> <!-- test2 -->
