<?xml version="1.0" encoding="UTF-8"?>
<!-- Generated by org.testng.reporters.JUnitXMLReporter -->
<testsuite ignored="1" hostname="DESKTOP-QMFSNLK" failures="0" tests="3" name="groupTest" time="46.719" errors="0" timestamp="2025-03-12T10:28:23 IST">
  <testcase classname="testscript.Categorytest" name="verifyUserIsAbleTocreateNewCategory" time="8.277"/>
  <testcase classname="testscript.Categorytest" name="verifyUserIsAbleTodeleteTheCategoryField" time="3.751"/>
  <testcase classname="testscript.Categorytest" name="verifyUserIsAbleToupdateTheCategoryField" time="4.76"/>
  <testcase classname="testscript.Categorytest" name="verifyUserIsAbleTosearchCategory" time="0.0">
    <ignored/>
  </testcase> <!-- verifyUserIsAbleTosearchCategory -->
</testsuite> <!-- groupTest -->
