<?xml version="1.0" encoding="UTF-8"?>
<!-- Generated by org.testng.reporters.JUnitXMLReporter -->
<testsuite ignored="0" hostname="DESKTOP-QMFSNLK" failures="0" tests="4" name="testng" time="61.427" errors="0" timestamp="2025-03-27T11:35:42 IST">
  <testcase classname="testscript.Adminusertest" name="verifyUserIsAbleToDeleteTheAdminUser" time="3.125"/>
  <testcase classname="testscript.Adminusertest" name="verifyUserIsAbleToUpdateTheAdminUser" time="3.096"/>
  <testcase classname="testscript.Adminusertest" name="verifyUserIsAbleTocreateNewAdminUser" time="4.39"/>
  <testcase classname="testscript.Adminusertest" name="verifyUserIsAbleTosearchAdminUser" time="2.295"/>
</testsuite> <!-- testng -->
