<?xml version="1.0" encoding="UTF-8"?>
<!-- Generated by org.testng.reporters.JUnitXMLReporter -->
<testsuite ignored="0" hostname="DESKTOP-QMFSNLK" failures="0" tests="4" name="testng" time="58.15" errors="0" timestamp="2025-03-13T07:39:08 IST">
  <testcase classname="testscript.Adminusertest" name="verifyUserIsAbleToDeleteTheAdminUser" time="3.981"/>
  <testcase classname="testscript.Adminusertest" name="verifyUserIsAbleToUpdateTheAdminUser" time="4.013"/>
  <testcase classname="testscript.Adminusertest" name="verifyUserIsAbleTocreateNewAdminUser" time="4.669"/>
  <testcase classname="testscript.Adminusertest" name="verifyUserIsAbleTosearchAdminUser" time="12.342"/>
</testsuite> <!-- testng -->
