<?xml version="1.0" encoding="UTF-8"?>
<!-- Generated by org.testng.reporters.JUnitXMLReporter -->
<testsuite ignored="3" hostname="DESKTOP-QMFSNLK" failures="0" tests="1" name="test1" time="24.488" errors="0" timestamp="2025-03-06T11:08:28 IST">
  <testcase classname="testscript.Logintest" name="verifyUserLoginWithValidCredential" time="10.273"/>
  <testcase classname="testscript.Logintest" name="verifyUserLoginWithInValidCredential" time="0.0">
    <ignored/>
  </testcase> <!-- verifyUserLoginWithInValidCredential -->
  <testcase classname="testscript.Logintest" name="verifyLoginwithInvalidUsernameAndValidpassword" time="0.0">
    <ignored/>
  </testcase> <!-- verifyLoginwithInvalidUsernameAndValidpassword -->
  <testcase classname="testscript.Logintest" name="verifyUserLoginWithValidUseranameAndInvalidPassword" time="0.0">
    <ignored/>
  </testcase> <!-- verifyUserLoginWithValidUseranameAndInvalidPassword -->
</testsuite> <!-- test1 -->
